<?xml version="1.0" encoding="UTF-8"?>
<testsuite name="ConvertTest" tests="1" skipped="0" failures="0" errors="0" timestamp="2021-03-10T17:00:34" hostname="Lionels-MacBook-Air.local" time="0.024">
  <properties/>
  <testcase name="test()" classname="ConvertTest" time="0.024"/>
  <system-out><![CDATA[]]></system-out>
  <system-err><![CDATA[]]></system-err>
</testsuite>
