<?xml version="1.0" encoding="UTF-8"?>
<testsuite name="com.tts.main.factory.DepartmentFactoryTest" tests="1" skipped="0" failures="0" errors="0" timestamp="2021-01-19T17:47:42" hostname="Lionels-MacBook-Air.local" time="0.026">
  <properties/>
  <testcase name="test()" classname="com.tts.main.factory.DepartmentFactoryTest" time="0.026"/>
  <system-out><![CDATA[Lisa
]]></system-out>
  <system-err><![CDATA[]]></system-err>
</testsuite>
